The system is: Windows - 10.0.19041 - AMD64
Compiling the C compiler identification source file "CMakeCCompilerId.c" succeeded.
Compiler: C:/Program Files (x86)/Microsoft Visual Studio/2019/Community/VC/Tools/MSVC/14.23.28105/bin/Hostx86/x86/cl.exe 
Build flags: 
Id flags:  

The output was:
0
Microsoft (R) C/C++ Optimizing Compiler Version 19.23.28106.4 for x86
Copyright (C) Microsoft Corporation.  All rights reserved.

CMakeCCompilerId.c
Microsoft (R) Incremental Linker Version 14.23.28106.4
Copyright (C) Microsoft Corporation.  All rights reserved.

/out:CMakeCCompilerId.exe 
CMakeCCompilerId.obj 


Compilation of the C compiler identification source "CMakeCCompilerId.c" produced "CMakeCCompilerId.exe"

Compilation of the C compiler identification source "CMakeCCompilerId.c" produced "CMakeCCompilerId.obj"

The C compiler identification is MSVC, found in "C:/Users/Kailai Cui/CLionProjects/Computer-Organization/lab1p4/cmake-build-debug/CMakeFiles/3.17.5/CompilerIdC/CMakeCCompilerId.exe"

Determining if the C compiler works passed with the following output:
Change Dir: C:/Users/Kailai Cui/CLionProjects/Computer-Organization/lab1p4/cmake-build-debug/CMakeFiles/CMakeTmp

Run Build Command(s):nmake /nologo cmTC_c1cb4\fast && 	"C:\Program Files (x86)\Microsoft Visual Studio\2019\Community\VC\Tools\MSVC\14.23.28105\bin\HostX86\x86\nmake.exe"  -f CMakeFiles\cmTC_c1cb4.dir\build.make /nologo -L                  CMakeFiles\cmTC_c1cb4.dir\build
Building C object CMakeFiles/cmTC_c1cb4.dir/testCCompiler.c.obj
	"C:\PROGRA~2\Microsoft Visual Studio\2019\Community\VC\Tools\MSVC\14.23.28105\bin\Hostx86\x86\cl.exe" @"C:\Users\Kailai Cui\AppData\Local\Temp\nm7FB2.tmp"
testCCompiler.c
Linking C executable cmTC_c1cb4.exe
	"C:\Program Files\JetBrains\CLion 2020.3.2\bin\cmake\win\bin\cmake.exe" -E vs_link_exe --intdir=CMakeFiles\cmTC_c1cb4.dir --rc="C:\PROGRA~2\Windows Kits\10\bin\10.0.18362.0\x86\rc.exe" --mt="C:\PROGRA~2\Windows Kits\10\bin\10.0.18362.0\x86\mt.exe" --manifests  -- "C:\PROGRA~2\Microsoft Visual Studio\2019\Community\VC\Tools\MSVC\14.23.28105\bin\Hostx86\x86\link.exe" /nologo @CMakeFiles\cmTC_c1cb4.dir\objects1.rsp @"C:\Users\Kailai Cui\AppData\Local\Temp\nm8159.tmp"



Detecting C compiler ABI info compiled with the following output:
Change Dir: C:/Users/Kailai Cui/CLionProjects/Computer-Organization/lab1p4/cmake-build-debug/CMakeFiles/CMakeTmp

Run Build Command(s):nmake /nologo cmTC_90e43\fast && 	"C:\Program Files (x86)\Microsoft Visual Studio\2019\Community\VC\Tools\MSVC\14.23.28105\bin\HostX86\x86\nmake.exe"  -f CMakeFiles\cmTC_90e43.dir\build.make /nologo -L                  CMakeFiles\cmTC_90e43.dir\build
Building C object CMakeFiles/cmTC_90e43.dir/CMakeCCompilerABI.c.obj
	"C:\PROGRA~2\Microsoft Visual Studio\2019\Community\VC\Tools\MSVC\14.23.28105\bin\Hostx86\x86\cl.exe" @"C:\Users\Kailai Cui\AppData\Local\Temp\nm83D9.tmp"
CMakeCCompilerABI.c
Linking C executable cmTC_90e43.exe
	"C:\Program Files\JetBrains\CLion 2020.3.2\bin\cmake\win\bin\cmake.exe" -E vs_link_exe --intdir=CMakeFiles\cmTC_90e43.dir --rc="C:\PROGRA~2\Windows Kits\10\bin\10.0.18362.0\x86\rc.exe" --mt="C:\PROGRA~2\Windows Kits\10\bin\10.0.18362.0\x86\mt.exe" --manifests  -- "C:\PROGRA~2\Microsoft Visual Studio\2019\Community\VC\Tools\MSVC\14.23.28105\bin\Hostx86\x86\link.exe" /nologo @CMakeFiles\cmTC_90e43.dir\objects1.rsp @"C:\Users\Kailai Cui\AppData\Local\Temp\nm8457.tmp"



